{
  "stats": {
    "suites": 1,
    "tests": 8,
    "passes": 8,
    "pending": 0,
    "failures": 0,
    "start": "2023-11-14T12:49:54.842Z",
    "end": "2023-11-14T12:50:32.854Z",
    "duration": 38012,
    "testsRegistered": 8,
    "passPercent": 100,
    "pendingPercent": 0,
    "other": 0,
    "hasOther": false,
    "skipped": 0,
    "hasSkipped": false
  },
  "results": [
    {
      "uuid": "2a628608-af4d-4bd7-ad6c-44ec9e8fc5aa",
      "title": "",
      "fullFile": "cypress\\e2e\\spec.cy.js",
      "file": "cypress\\e2e\\spec.cy.js",
      "beforeHooks": [],
      "afterHooks": [],
      "tests": [],
      "suites": [
        {
          "uuid": "c18d01dd-cf28-479b-b20e-a54a54351ab6",
          "title": "Test Login Functionality",
          "fullFile": "",
          "file": "",
          "beforeHooks": [],
          "afterHooks": [],
          "tests": [
            {
              "title": "Both Valid Credentials",
              "fullTitle": "Test Login Functionality Both Valid Credentials",
              "timedOut": null,
              "duration": 5741,
              "state": "passed",
              "speed": "medium",
              "pass": true,
              "fail": false,
              "pending": false,
              "context": null,
              "code": "cy.visit('https://opensource-demo.orangehrmlive.com/');\ncy.get(':nth-child(2) > .oxd-input-group > :nth-child(2) > .oxd-input').type('admin');\ncy.get(':nth-child(3) > .oxd-input-group > :nth-child(2) > .oxd-input').type('admin123');\ncy.get('.oxd-button').click();\ncy.contains('Required').should('not.exist');",
              "err": {},
              "uuid": "64de49db-ea0e-4661-a911-6c1ce834eaa6",
              "parentUUID": "c18d01dd-cf28-479b-b20e-a54a54351ab6",
              "isHook": false,
              "skipped": false
            },
            {
              "title": "passes",
              "fullTitle": "Test Login Functionality passes",
              "timedOut": null,
              "duration": 551,
              "state": "passed",
              "speed": "fast",
              "pass": true,
              "fail": false,
              "pending": false,
              "context": null,
              "code": "cy.visit('https://opensource-demo.orangehrmlive.com/');",
              "err": {},
              "uuid": "58bcf19d-fc63-43c4-9dd1-bea56912d338",
              "parentUUID": "c18d01dd-cf28-479b-b20e-a54a54351ab6",
              "isHook": false,
              "skipped": false
            },
            {
              "title": "Logging in without username and password",
              "fullTitle": "Test Login Functionality Logging in without username and password",
              "timedOut": null,
              "duration": 1760,
              "state": "passed",
              "speed": "fast",
              "pass": true,
              "fail": false,
              "pending": false,
              "context": null,
              "code": "cy.visit('https://opensource-demo.orangehrmlive.com/');\n// cy.get(':nth-child(2) > .oxd-input-group > :nth-child(2) > .oxd-input').type('admin')\n// cy.get(':nth-child(3) > .oxd-input-group > :nth-child(2) > .oxd-input').type('admin123')\ncy.get('.oxd-button').click();\ncy.contains('Required').should('exist');",
              "err": {},
              "uuid": "bc97d3ac-e24e-4abd-bba7-a057f2330500",
              "parentUUID": "c18d01dd-cf28-479b-b20e-a54a54351ab6",
              "isHook": false,
              "skipped": false
            },
            {
              "title": "Without Password",
              "fullTitle": "Test Login Functionality Without Password",
              "timedOut": null,
              "duration": 2095,
              "state": "passed",
              "speed": "fast",
              "pass": true,
              "fail": false,
              "pending": false,
              "context": null,
              "code": "cy.visit('https://opensource-demo.orangehrmlive.com/');\ncy.get(':nth-child(2) > .oxd-input-group > :nth-child(2) > .oxd-input').type('admin');\n// cy.get(':nth-child(3) > .oxd-input-group > :nth-child(2) > .oxd-input').type('admin123')\ncy.get('.oxd-button').click();\n// cy.contains('Required').should('not.exist')    //username field \ncy.contains('Required').should('exist'); //password field",
              "err": {},
              "uuid": "6d6d7ae5-83d5-41f7-a970-060720a1a50b",
              "parentUUID": "c18d01dd-cf28-479b-b20e-a54a54351ab6",
              "isHook": false,
              "skipped": false
            },
            {
              "title": "Without Username",
              "fullTitle": "Test Login Functionality Without Username",
              "timedOut": null,
              "duration": 1610,
              "state": "passed",
              "speed": "fast",
              "pass": true,
              "fail": false,
              "pending": false,
              "context": null,
              "code": "cy.visit('https://opensource-demo.orangehrmlive.com/');\n// cy.get(':nth-child(2) > .oxd-input-group > :nth-child(2) > .oxd-input').type('admin')\ncy.get(':nth-child(3) > .oxd-input-group > :nth-child(2) > .oxd-input').type('admin123');\ncy.get('.oxd-button').click();\ncy.contains('Required').should('exist'); //username field \n//  cy.contains('Required').should('exist')             //password field",
              "err": {},
              "uuid": "e4e59cf9-5a54-41ad-9cc3-91c2070bff74",
              "parentUUID": "c18d01dd-cf28-479b-b20e-a54a54351ab6",
              "isHook": false,
              "skipped": false
            },
            {
              "title": "Both Valid Credentials",
              "fullTitle": "Test Login Functionality Both Valid Credentials",
              "timedOut": null,
              "duration": 3417,
              "state": "passed",
              "speed": "fast",
              "pass": true,
              "fail": false,
              "pending": false,
              "context": null,
              "code": "cy.visit('https://opensource-demo.orangehrmlive.com/');\ncy.get(':nth-child(2) > .oxd-input-group > :nth-child(2) > .oxd-input').type('admin');\ncy.get(':nth-child(3) > .oxd-input-group > :nth-child(2) > .oxd-input').type('admin123');\ncy.get('.oxd-button').click();\ncy.contains('Required').should('not.exist');",
              "err": {},
              "uuid": "9f817f3f-aa7d-4bfe-abc1-7bdcfd804d1b",
              "parentUUID": "c18d01dd-cf28-479b-b20e-a54a54351ab6",
              "isHook": false,
              "skipped": false
            },
            {
              "title": "Create and Employee Claim Record",
              "fullTitle": "Test Login Functionality Create and Employee Claim Record",
              "timedOut": null,
              "duration": 14781,
              "state": "passed",
              "speed": "slow",
              "pass": true,
              "fail": false,
              "pending": false,
              "context": null,
              "code": "//Login page\ncy.visit('https://opensource-demo.orangehrmlive.com/');\ncy.get(':nth-child(2) > .oxd-input-group > :nth-child(2) > .oxd-input').type('admin');\ncy.get(':nth-child(3) > .oxd-input-group > :nth-child(2) > .oxd-input').type('admin123');\ncy.get('.oxd-button').click(); //submit button\ncy.contains('Required').should('not.exist'); //username field \ncy.contains('Required').should('not.exist'); //password field\n// //     Claim Page\ncy.get(':nth-child(11) > .oxd-main-menu-item > .oxd-text').click();\ncy.get('.orangehrm-header-container > .oxd-button').click(); //Assign Claim button link \n//Create Claim Request\ncy.get('.oxd-autocomplete-text-input > input').type('A'); //Name Field\ncy.get(':nth-child(4) > span').click(); // Dropdown suggestion selection\ncy.get(':nth-child(1) > .oxd-input-group > :nth-child(2) > .oxd-select-wrapper > .oxd-select-text > .oxd-select-text--after > .oxd-icon').click(); //Dropdown icon click\ncy.get('.oxd-select-dropdown > :nth-child(3)').click(); //dropdown value select\ncy.get(':nth-child(2) > .oxd-input-group > :nth-child(2) > .oxd-select-wrapper > .oxd-select-text > .oxd-select-text--after > .oxd-icon').click(); //Dropdown icon click\ncy.get('.oxd-select-dropdown > :nth-child(4)').click(); //dropdown value select\ncy.get('.oxd-textarea').type('I GOT THIS');\ncy.get('.oxd-button--secondary').click(); // create button\ncy.get('.oxd-toast').should('exist');\ncy.get('.oxd-button--secondary').click(); // Submit button\n// cy.get('.oxd-button').click()           //Back button",
              "err": {},
              "uuid": "351e1496-26fe-4646-a958-8858e57025fa",
              "parentUUID": "c18d01dd-cf28-479b-b20e-a54a54351ab6",
              "isHook": false,
              "skipped": false
            },
            {
              "title": "Reads an Employee Claim Record",
              "fullTitle": "Test Login Functionality Reads an Employee Claim Record",
              "timedOut": null,
              "duration": 7462,
              "state": "passed",
              "speed": "medium",
              "pass": true,
              "fail": false,
              "pending": false,
              "context": null,
              "code": "//Read Claim\n//Login page\ncy.visit('https://opensource-demo.orangehrmlive.com/');\ncy.get(':nth-child(2) > .oxd-input-group > :nth-child(2) > .oxd-input').type('admin');\ncy.get(':nth-child(3) > .oxd-input-group > :nth-child(2) > .oxd-input').type('admin123');\ncy.get('.oxd-button').click();\ncy.contains('Required').should('not.exist'); //username field \ncy.contains('Required').should('not.exist'); //password field\n//     Claim Page\ncy.get(':nth-child(11) > .oxd-main-menu-item > .oxd-text').click();\ncy.get('Employee claims').should('not.exist');\ncy.get(':nth-child(1) > .oxd-table-row > :nth-child(9) > .oxd-table-cell-actions > .oxd-button').click();",
              "err": {},
              "uuid": "ff30aa64-a608-465e-bb42-f4fed0100bd5",
              "parentUUID": "c18d01dd-cf28-479b-b20e-a54a54351ab6",
              "isHook": false,
              "skipped": false
            }
          ],
          "suites": [],
          "passes": [
            "64de49db-ea0e-4661-a911-6c1ce834eaa6",
            "58bcf19d-fc63-43c4-9dd1-bea56912d338",
            "bc97d3ac-e24e-4abd-bba7-a057f2330500",
            "6d6d7ae5-83d5-41f7-a970-060720a1a50b",
            "e4e59cf9-5a54-41ad-9cc3-91c2070bff74",
            "9f817f3f-aa7d-4bfe-abc1-7bdcfd804d1b",
            "351e1496-26fe-4646-a958-8858e57025fa",
            "ff30aa64-a608-465e-bb42-f4fed0100bd5"
          ],
          "failures": [],
          "pending": [],
          "skipped": [],
          "duration": 37417,
          "root": false,
          "rootEmpty": false,
          "_timeout": 2000
        }
      ],
      "passes": [],
      "failures": [],
      "pending": [],
      "skipped": [],
      "duration": 0,
      "root": true,
      "rootEmpty": true,
      "_timeout": 2000
    }
  ],
  "meta": {
    "mocha": {
      "version": "7.0.1"
    },
    "mochawesome": {
      "options": {
        "quiet": false,
        "reportFilename": "mochawesome",
        "saveHtml": false,
        "saveJson": true,
        "consoleReporter": "spec",
        "useInlineDiffs": false,
        "code": true
      },
      "version": "7.1.3"
    },
    "marge": {
      "options": {
        "charts": true,
        "reportPageTitle": "Orange HRM Report",
        "overwrite": false,
        "html": false,
        "json": true
      },
      "version": "6.2.0"
    }
  }
}